[gsa-fertigung-de.webflow.io/index.html]
[backblue.gif]
[fade.gif]
[index.html]
[gsa-fertigung-de.webflow.io/leistungen.html]
[gsa-fertigung-de.webflow.io/maschinenpark.html]
[gsa-fertigung-de.webflow.io/qualitat.html]
[gsa-fertigung-de.webflow.io/datenschutz.html]
[gsa-fertigung-de.webflow.io/impressum.html]
[gsa-fertigung-de.webflow.io/uber-uns.html]
[gsa-fertigung-de.webflow.io/kontakt.html]
[gsa-fertigung-de.webflow.io/register.html]
[gsa-fertigung-de.webflow.io/index.html]
[gsa-fertigung-de.webflow.io/leistungen.html]
[gsa-fertigung-de.webflow.io/maschinenpark.html]
[gsa-fertigung-de.webflow.io/qualitat.html]
[gsa-fertigung-de.webflow.io/datenschutz.html]
[gsa-fertigung-de.webflow.io/impressum.html]
[gsa-fertigung-de.webflow.io/uber-uns.html]
[gsa-fertigung-de.webflow.io/kontakt.html]
[gsa-fertigung-de.webflow.io/log-in.html]
[gsa-fertigung-de.webflow.io/register.html]
[gsa-fertigung-de.webflow.io/401.html]
[gsa-fertigung-de.webflow.io/log-in.html]
[gsa-fertigung-de.webflow.io/401.html]
